d:\submission\compg wip3\common\debug\common.pdb
d:\submission\compg wip3\common\debug\common.idb
d:\submission\compg wip3\common\debug\vector3.obj
d:\submission\compg wip3\common\debug\timer.obj
d:\submission\compg wip3\common\debug\mtx44.obj
d:\submission\compg wip3\common\debug\matrixstack.obj
c:\users\chew hui feng\desktop\180512b_chewhuifeng_a2\compg wip3\common\debug\common.pdb
c:\users\chew hui feng\desktop\180512b_chewhuifeng_a2\compg wip3\common\debug\common.idb
c:\users\chew hui feng\desktop\180512b_chewhuifeng_a2\compg wip3\common\debug\vector3.obj
c:\users\chew hui feng\desktop\180512b_chewhuifeng_a2\compg wip3\common\debug\timer.obj
c:\users\chew hui feng\desktop\180512b_chewhuifeng_a2\compg wip3\common\debug\mtx44.obj
c:\users\chew hui feng\desktop\180512b_chewhuifeng_a2\compg wip3\common\debug\matrixstack.obj
d:\submission\compg wip3\debug\common.lib
c:\users\chew hui feng\desktop\180512b_chewhuifeng_a2\compg wip3\debug\common.lib
c:\users\chew hui feng\desktop\180512b_chewhuifeng_a2\compg wip3\debug\common.pdb
c:\users\chew hui feng\desktop\180512b_chewhuifeng_a2\compg wip3\common\debug\common.tlog\cl.command.1.tlog
c:\users\chew hui feng\desktop\180512b_chewhuifeng_a2\compg wip3\common\debug\common.tlog\cl.read.1.tlog
c:\users\chew hui feng\desktop\180512b_chewhuifeng_a2\compg wip3\common\debug\common.tlog\cl.write.1.tlog
c:\users\chew hui feng\desktop\180512b_chewhuifeng_a2\compg wip3\common\debug\common.tlog\lib-link.read.1.tlog
c:\users\chew hui feng\desktop\180512b_chewhuifeng_a2\compg wip3\common\debug\common.tlog\lib-link.write.1.tlog
c:\users\chew hui feng\desktop\180512b_chewhuifeng_a2\compg wip3\common\debug\common.tlog\lib.command.1.tlog
